<?xml version="1.0" encoding="UTF-8"?>
<!-- Generated by org.testng.reporters.JUnitXMLReporter -->
<testsuite ignored="0" hostname="TIBCO-PF1VJP3W" failures="0" tests="4" name="Default test" time="0.104" errors="0"
           timestamp="2023-01-31T14:48:23 ICT">
    <testcase classname="Section16_TestNG.day1" name="Test3" time="0.022"/>
    <testcase classname="Section16_TestNG.day1" name="Test4" time="0.005"/>
    <testcase classname="Section16_TestNG.day1" name="Test4" time="0.001"/>
    <testcase classname="Section16_TestNG.day1" name="Test4" time="0.001"/>
</testsuite> <!-- Default test -->
