<?xml version="1.0" encoding="UTF-8"?>
<!-- Generated by org.testng.reporters.JUnitXMLReporter -->
<testsuite ignored="1" hostname="TIBCO-PF1VJP3W" failures="0" tests="5" name="Test" time="0.072" errors="0"
           timestamp="2023-01-31T09:54:40 ICT">
    <testcase classname="Section16_TestNG.demo" name="Test1" time="0.011"/>
    <testcase classname="Section16_TestNG.day2" name="Test5" time="0.001"/>
    <testcase classname="Section16_TestNG.day2" name="Test6" time="0.001"/>
    <testcase classname="Section16_TestNG.day1" name="Test3" time="0.001"/>
    <testcase classname="Section16_TestNG.day1" name="Test4" time="0.002"/>
    <testcase classname="Section16_TestNG.demo" name="Test2" time="0.0">
        <ignored/>
    </testcase> <!-- Test2 -->
</testsuite> <!-- Test -->
