<?xml version="1.0" encoding="UTF-8"?>
<!-- Generated by org.testng.reporters.JUnitXMLReporter -->
<testsuite ignored="0" hostname="TIBCO-PF1VJP3W" failures="0" tests="4" name="Test1" time="0.079" errors="0"
           timestamp="2023-01-31T15:14:35 ICT">
    <testcase classname="Section16_TestNG.day1" name="Test3" time="0.012"/>
    <testcase classname="Section16_TestNG.day1" name="Test4" time="0.003"/>
    <testcase classname="Section16_TestNG.day1" name="Test4" time="0.001"/>
    <testcase classname="Section16_TestNG.day1" name="Test4" time="0.002"/>
</testsuite> <!-- Test1 -->
