<?xml version="1.0" encoding="UTF-8"?>
<!-- Generated by org.testng.reporters.JUnitXMLReporter -->
<testsuite ignored="0" hostname="TIBCO-PF1VJP3W" failures="0" tests="4" name="Test2" time="0.021" errors="0"
           timestamp="2023-01-31T10:01:22 ICT">
    <testcase classname="Section16_TestNG.day2" name="Test5" time="0.002"/>
    <testcase classname="Section16_TestNG.day2" name="Test6" time="0.002"/>
    <testcase classname="Section16_TestNG.day1" name="Test3" time="0.002"/>
    <testcase classname="Section16_TestNG.day1" name="Test4" time="0.002"/>
</testsuite> <!-- Test2 -->
