<?xml version="1.0" encoding="UTF-8"?>
<testng-results ignored="0" total="4" passed="4" failed="0" skipped="0">
    <reporter-output>
    </reporter-output>
    <suite started-at="2023-01-31T15:14:35 ICT" name="Suite" finished-at="2023-01-31T15:14:35 ICT" duration-ms="79">
        <groups>
            <group name="smoke">
                <method signature="day1.Test3()[pri:0, instance:Section16_TestNG.day1@194bcebf]" name="Test3"
                        class="Section16_TestNG.day1"/>
            </group> <!-- smoke -->
        </groups>
        <test started-at="2023-01-31T15:14:35 ICT" name="Test1" finished-at="2023-01-31T15:14:35 ICT" duration-ms="79">
            <class name="Section16_TestNG.day1">
                <test-method signature="Test3()[pri:0, instance:Section16_TestNG.day1@194bcebf]"
                             started-at="2023-01-31T15:14:35 ICT" name="Test3" finished-at="2023-01-31T15:14:35 ICT"
                             duration-ms="12" status="PASS">
                    <reporter-output>
                    </reporter-output>
                </test-method> <!-- Test3 -->
                <test-method
                        signature="Test4(java.lang.String,java.lang.String)[pri:0, instance:Section16_TestNG.day1@194bcebf]"
                        started-at="2023-01-31T15:14:35 ICT" name="Test4" data-provider="getData"
                        finished-at="2023-01-31T15:14:35 ICT" duration-ms="3" status="PASS">
                    <params>
                        <param index="0">
                            <value>
                                <![CDATA[firstUserName]]>
                            </value>
                        </param>
                        <param index="1">
                            <value>
                                <![CDATA[1]]>
                            </value>
                        </param>
                    </params>
                    <reporter-output>
                    </reporter-output>
                </test-method> <!-- Test4 -->
                <test-method
                        signature="Test4(java.lang.String,java.lang.String)[pri:0, instance:Section16_TestNG.day1@194bcebf]"
                        started-at="2023-01-31T15:14:35 ICT" name="Test4" data-provider="getData"
                        finished-at="2023-01-31T15:14:35 ICT" duration-ms="1" status="PASS">
                    <params>
                        <param index="0">
                            <value>
                                <![CDATA[secondUserName]]>
                            </value>
                        </param>
                        <param index="1">
                            <value>
                                <![CDATA[2]]>
                            </value>
                        </param>
                    </params>
                    <reporter-output>
                    </reporter-output>
                </test-method> <!-- Test4 -->
                <test-method
                        signature="Test4(java.lang.String,java.lang.String)[pri:0, instance:Section16_TestNG.day1@194bcebf]"
                        started-at="2023-01-31T15:14:35 ICT" name="Test4" data-provider="getData"
                        finished-at="2023-01-31T15:14:35 ICT" duration-ms="2" status="PASS">
                    <params>
                        <param index="0">
                            <value>
                                <![CDATA[thirdUserName]]>
                            </value>
                        </param>
                        <param index="1">
                            <value>
                                <![CDATA[3]]>
                            </value>
                        </param>
                    </params>
                    <reporter-output>
                    </reporter-output>
                </test-method> <!-- Test4 -->
            </class> <!-- Section16_TestNG.day1 -->
        </test> <!-- Test1 -->
    </suite> <!-- Suite -->
</testng-results>
